Arguments: 
  C:\Program Files\nodejs\node.exe C:\Users\Christop\AppData\Roaming\npm\node_modules\yarn\bin\yarn.js start

PATH: 
  C:\Program Files\Git\mingw64\bin;C:\Program Files\Git\usr\bin;C:\Users\Christop\bin;C:\Program Files (x86)\Intel\Intel(R) Management Engine Components\iCLS;C:\Program Files\Intel\Intel(R) Management Engine Components\iCLS;C:\windows\system32;C:\windows;C:\windows\System32\Wbem;C:\windows\System32\WindowsPowerShell\v1.0;C:\windows\System32\OpenSSH;C:\Program Files (x86)\Intel\Intel(R) Management Engine Components\DAL;C:\Program Files\Intel\Intel(R) Management Engine Components\DAL;C:\Program Files (x86)\Intel\Intel(R) Management Engine Components\IPT;C:\Program Files\Intel\Intel(R) Management Engine Components\IPT;C:\Program Files\Intel\WiFi\bin;C:\Program Files\Common Files\Intel\WirelessCommon;C:\Program Files\nodejs;C:\Program Files\MySQL\MySQL Server 8.0\bin;C:\Program Files\MongoDB\Server\4.0\bin;C:\Program Files\dotnet;C:\Program Files\Git\cmd;C:\Users\Christop\AppData\Local\Microsoft\WindowsApps;C:\Users\Christop\AppData\Local\Programs\Microsoft VS Code\bin;C:\Program Files (x86)\heroku\bin;C:\Users\Christop\AppData\Roaming\npm;C:\Users\Christop\.dotnet\tools

Yarn version: 
  1.13.0

Node version: 
  8.11.4

Platform: 
  win32 x64

Trace: 
  SyntaxError: C:\Users\Christop\Documents\BootCamp\Projects\realSolution\package.json: Unexpected token < in JSON at position 935
      at JSON.parse (<anonymous>)
      at C:\Users\Christop\AppData\Roaming\npm\node_modules\yarn\lib\cli.js:1625:59
      at Generator.next (<anonymous>)
      at step (C:\Users\Christop\AppData\Roaming\npm\node_modules\yarn\lib\cli.js:304:30)
      at C:\Users\Christop\AppData\Roaming\npm\node_modules\yarn\lib\cli.js:315:13
      at <anonymous>

npm manifest: 
  {
    "name": "real-solution",
    "version": "1.0.0",
    "description": "real estate investing app",
    "main": "server.js",
    "scripts": {
      "start": "if-env NODE_ENV=production && npm run start:prod || npm run start:dev",
      "start:prod": "node server.js",
      "start:dev": "concurrently \"nodemon --ignore 'client/*'\" \"npm run client\"",
      "client": "cd client && npm run start",
      "install": "cd client && npm install",
      "build": "cd client && npm run build",
      "heroku-postbuild": "npm run build",
      "lint": "eslint **/*.js --quiet",
      "fix": "eslint --fix .",
      "test": "npm run lint && NODE_ENV=test mocha -u tdd --reporter spec --exit"
    },
    "license": "ISC",
    "dependencies": {
      "animate.css": "^3.7.0",
      "axios": "^0.18.0",
      "bcrypt": "^3.0.4",
      "body-parser": "^1.18.3",
      "connect-session-sequelize": "^6.0.0",
      "cookie-parser": "^1.4.4",
      "dotenv": "^6.0.0",
      "express": "^4.16.3",
  <<<<<<< HEAD
      "express-handlebars": "^3.0.0",
      "firebase-admin": "^7.0.0",
  =======
      "express-session": "^1.15.6",
      "http-proxy-middleware": "^0.19.1",
      "if-env": "^1.0.4",
      "morgan": "^1.9.1",
  >>>>>>> putTogether
      "mysql": "^2.16.0",
      "mysql2": "^1.6.4",
      "node-sass": "^4.11.0",
      "react-router-dom": "^4.3.1",
      "sequelize": "^4.43.0",
      "sqlite3": "^4.0.6"
    },
    "devDependencies": {
      "@fortawesome/fontawesome-free": "^5.7.2",
      "concurrently": "^4.1.0",
      "nodemon": "^1.18.7",
      "chai": "^4.1.2",
      "chai-http": "^4.0.0",
      "eslint-config-prettier": "^2.9.0",
      "eslint-plugin-prettier": "^2.6.2",
      "mocha": "^5.2.0",
      "prettier": "^1.13.7"
    }
  }

yarn manifest: 
  No manifest

Lockfile: 
  No lockfile
